<?xml version="1.0" encoding="UTF-8"?>
<!-- Generated by org.testng.reporters.JUnitReportReporter -->
<testsuite hostname="Sushantas-Mac.local" failures="0" tests="1" name="testng_01.class04" time="4.175" errors="0" timestamp="2023-03-31T15:31:51 IST" skipped="0">
  <testcase classname="testng_01.class04" name="tc1" time="4.175"/>
  <system-out/>
</testsuite> <!-- testng_01.class04 -->
