<?xml version="1.0" encoding="UTF-8"?>
<!-- Generated by org.testng.reporters.JUnitReportReporter -->
<testsuite hostname="Sushantas-Mac.local" failures="0" tests="6" name="testng_01.class02" time="0.022" errors="0" timestamp="2023-03-29T15:29:08 IST" skipped="0">
  <testcase classname="testng_01.class02" name="password_tc" time="0.005"/>
  <system-out/>
  <testcase classname="testng_01.class02" name="mobileloginorangehrm" time="0.003"/>
  <system-out/>
  <testcase classname="testng_01.class02" name="mobilelogoutorangehrm" time="0.002"/>
  <system-out/>
  <testcase classname="testng_01.class02" name="username_tc" time="0.004"/>
  <system-out/>
  <testcase classname="testng_01.class02" name="weblogoutorangehrm" time="0.005"/>
  <system-out/>
  <testcase classname="testng_01.class02" name="webloginorangehrm" time="0.003"/>
  <system-out/>
</testsuite> <!-- testng_01.class02 -->
