<?xml version="1.0" encoding="UTF-8"?>
<!-- Generated by org.testng.reporters.JUnitReportReporter -->
<testsuite hostname="Sushantas-Mac.local" failures="0" tests="4" name="testng_01.class3" time="0.046" errors="0" timestamp="2023-03-29T15:29:08 IST" skipped="0">
  <testcase classname="testng_01.class3" name="logintest_orangehrm" time="0.004"/>
  <system-out/>
  <testcase classname="testng_01.class3" name="bank_cred_tc" time="0.025"/>
  <system-out/>
  <testcase classname="testng_01.class3" name="logintest_orangehrm" time="0.009"/>
  <system-out/>
  <testcase classname="testng_01.class3" name="logintest_orangehrm" time="0.008"/>
  <system-out/>
</testsuite> <!-- testng_01.class3 -->
