<?xml version="1.0" encoding="UTF-8"?>
<!-- Generated by org.testng.reporters.JUnitReportReporter -->
<testsuite hostname="Sushantas-Mac.local" failures="0" tests="1" name="testng_01.class01" time="16.494" errors="0" timestamp="2023-03-31T18:03:36 IST" skipped="0">
  <testcase classname="testng_01.class01" name="tc1" time="16.494"/>
  <system-out/>
</testsuite> <!-- testng_01.class01 -->
