<?xml version="1.0" encoding="UTF-8"?>
<!-- Generated by org.testng.reporters.JUnitReportReporter -->
<testsuite hostname="Sushantas-Mac.local" failures="0" tests="1" name="testng_01.class01" time="9.812" errors="0" timestamp="02 Apr 2023 19:02:04 GMT" skipped="0">
  <testcase classname="testng_01.class01" name="tc1" time="9.812"/>
</testsuite> <!-- testng_01.class01 -->
