<?xml version="1.0" encoding="UTF-8"?>
<!-- Generated by org.testng.reporters.JUnitReportReporter -->
<testsuite hostname="Sushantas-Mac.local" failures="0" tests="4" name="testng_01.class02" time="0.003" errors="0" timestamp="02 Apr 2023 16:30:44 GMT" skipped="0">
  <testcase classname="testng_01.class02" name="webloginorangehrm" time="0.000"/>
  <testcase classname="testng_01.class02" name="weblogoutorangehrm" time="0.003"/>
  <testcase classname="testng_01.class02" name="password_tc" time="0.000"/>
  <testcase classname="testng_01.class02" name="username_tc" time="0.000"/>
</testsuite> <!-- testng_01.class02 -->
